2018-09-09T17:19:30.801Z [[34mdebug[39m: 	on connection,  CONTEXT: "sockets.js"", SOCKETID:BJZrziHKV7-kiN52AAAA]
2018-09-09T17:19:30.906Z [[34mdebug[39m: 	on connection,  CONTEXT: "sockets.js"", SOCKETID:4m3VpbZPmrCK6sPJAAAB]
2018-09-09T17:19:30.951Z [[34mdebug[39m: 	on connection,  CONTEXT: "sockets.js"", SOCKETID:tm1T-LWqAEv8-EcEAAAC]
2018-09-09T17:19:36.961Z [[34mdebug[39m: 	POST:/user/:nickname/game/:gameID,  CONTEXT: "router.js",  NICKNAME:bobbie, OPPONENT:robbie, GAMEID: 5b954e872c706a4289dae53b, MOVE:{"from":"d2","to":"d4","promotion":"q"}]
2018-09-09T17:19:36.962Z [[34mdebug[39m: 	move,  CONTEXT: "logic/index.js", GAMEID:5b954e872c706a4289dae53b, MOVE:{"from":"d2","to":"d4","promotion":"q"}]
2018-09-09T17:19:51.477Z [[34mdebug[39m: 	on disconnect,  CONTEXT: "sockets.js"", SOCKETID:4m3VpbZPmrCK6sPJAAAB, REASON:transport error]
2018-09-09T17:19:52.018Z [[34mdebug[39m: 	on disconnect,  CONTEXT: "sockets.js"", SOCKETID:BJZrziHKV7-kiN52AAAA, REASON:transport error]
2018-09-09T17:19:52.019Z [[34mdebug[39m: 	on disconnect,  CONTEXT: "sockets.js"", SOCKETID:tm1T-LWqAEv8-EcEAAAC, REASON:transport error]
2018-09-09T17:20:15.535Z [[34mdebug[39m: 	POST:/authenticate,  CONTEXT: "router.js",  PASSWORD:robbie, NICKNAME:robbie ]
2018-09-09T17:20:15.536Z [[34mdebug[39m: 	authenticate,  CONTEXT: "logic/index.js", NICKNAME:robbie, PASSWORD:robbie]
2018-09-09T17:20:15.612Z [[34mdebug[39m: 	on connection,  CONTEXT: "sockets.js"", SOCKETID:-zto3ogN2IjfhPfvAAAD]
2018-09-09T17:20:15.663Z [[34mdebug[39m: 	on authenticated]
2018-09-09T17:20:15.663Z [[34mdebug[39m: 	on authenticated,  CONTEXT: "sockets.js"", USERNAME:robbie]
2018-09-09T17:20:15.663Z [[34mdebug[39m: 	userConnected,  CONTEXT: "logic/index.js", NICKNAME:robbie]
2018-09-09T17:20:15.752Z [[34mdebug[39m: 	GET:/user/:nickname/games,  CONTEXT: "router.js", NICKNAME:robbie ]
2018-09-09T17:20:15.753Z [[34mdebug[39m: 	getGamesForUser,  CONTEXT: "logic/index.js", NICKNAME:robbie]
2018-09-09T17:20:15.789Z [[34mdebug[39m: 	GET:/user/:nickname/users,  CONTEXT: "router.js", TERM: , NICKNAME:robbie ]
2018-09-09T17:20:15.789Z [[34mdebug[39m: 	getUsersForString,  CONTEXT: "logic/index.js", TERM:]
2018-09-09T17:21:29.129Z [[34mdebug[39m: 	POST:/authenticate,  CONTEXT: "router.js",  PASSWORD:bobbie, NICKNAME:bobbie ]
2018-09-09T17:21:29.130Z [[34mdebug[39m: 	authenticate,  CONTEXT: "logic/index.js", NICKNAME:bobbie, PASSWORD:bobbie]
2018-09-09T17:21:29.151Z [[34mdebug[39m: 	on connection,  CONTEXT: "sockets.js"", SOCKETID:DsItDhsW-GVlNHE7AAAE]
2018-09-09T17:21:29.220Z [[34mdebug[39m: 	on authenticated]
2018-09-09T17:21:29.221Z [[34mdebug[39m: 	on authenticated,  CONTEXT: "sockets.js"", USERNAME:bobbie]
2018-09-09T17:21:29.221Z [[34mdebug[39m: 	userConnected,  CONTEXT: "logic/index.js", NICKNAME:bobbie]
2018-09-09T17:21:29.249Z [[34mdebug[39m: 	GET:/user/:nickname/games,  CONTEXT: "router.js", NICKNAME:bobbie ]
2018-09-09T17:21:29.249Z [[34mdebug[39m: 	getGamesForUser,  CONTEXT: "logic/index.js", NICKNAME:bobbie]
2018-09-09T17:21:29.267Z [[34mdebug[39m: 	GET:/user/:nickname/users,  CONTEXT: "router.js", TERM: , NICKNAME:robbie ]
2018-09-09T17:21:29.267Z [[34mdebug[39m: 	getUsersForString,  CONTEXT: "logic/index.js", TERM:]
2018-09-09T17:21:29.269Z [[34mdebug[39m: 	GET:/user/:nickname/users,  CONTEXT: "router.js", TERM: , NICKNAME:bobbie ]
2018-09-09T17:21:29.270Z [[34mdebug[39m: 	getUsersForString,  CONTEXT: "logic/index.js", TERM:]
2018-09-09T17:21:35.632Z [[34mdebug[39m: 	POST:/user/:nickname/game/:gameID,  CONTEXT: "router.js",  NICKNAME:bobbie, OPPONENT:robbie, GAMEID: 5b954e872c706a4289dae53b, MOVE:{"from":"d2","to":"d4","promotion":"q"}]
2018-09-09T17:21:35.633Z [[34mdebug[39m: 	move,  CONTEXT: "logic/index.js", GAMEID:5b954e872c706a4289dae53b, MOVE:{"from":"d2","to":"d4","promotion":"q"}]
2018-09-09T17:21:35.660Z [[34mdebug[39m: 	announceMoveMade,  CONTEXT: "sockets.js"", MOVER:bobbie, RECEIVER:robbie]
2018-09-09T17:21:35.679Z [[34mdebug[39m: 	GET:/user/:nickname/games,  CONTEXT: "router.js", NICKNAME:bobbie ]
2018-09-09T17:21:35.680Z [[34mdebug[39m: 	getGamesForUser,  CONTEXT: "logic/index.js", NICKNAME:bobbie]
2018-09-09T17:21:35.681Z [[34mdebug[39m: 	GET:/user/:nickname/games,  CONTEXT: "router.js", NICKNAME:robbie ]
2018-09-09T17:21:35.681Z [[34mdebug[39m: 	getGamesForUser,  CONTEXT: "logic/index.js", NICKNAME:robbie]
2018-09-09T17:21:35.692Z [[34mdebug[39m: 	GET:/user/:nickname/games,  CONTEXT: "router.js", NICKNAME:bobbie ]
2018-09-09T17:21:35.692Z [[34mdebug[39m: 	getGamesForUser,  CONTEXT: "logic/index.js", NICKNAME:bobbie]
2018-09-09T17:21:42.924Z [[34mdebug[39m: 	POST:/user/:nickname/game/:gameID,  CONTEXT: "router.js",  NICKNAME:robbie, OPPONENT:bobbie, GAMEID: 5b954e872c706a4289dae53b, MOVE:{"from":"g8","to":"f6","promotion":"q"}]
2018-09-09T17:21:42.924Z [[34mdebug[39m: 	move,  CONTEXT: "logic/index.js", GAMEID:5b954e872c706a4289dae53b, MOVE:{"from":"g8","to":"f6","promotion":"q"}]
2018-09-09T17:21:42.938Z [[34mdebug[39m: 	announceMoveMade,  CONTEXT: "sockets.js"", MOVER:robbie, RECEIVER:bobbie]
2018-09-09T17:21:42.953Z [[34mdebug[39m: 	GET:/user/:nickname/games,  CONTEXT: "router.js", NICKNAME:robbie ]
2018-09-09T17:21:42.953Z [[34mdebug[39m: 	getGamesForUser,  CONTEXT: "logic/index.js", NICKNAME:robbie]
2018-09-09T17:21:42.958Z [[34mdebug[39m: 	GET:/user/:nickname/games,  CONTEXT: "router.js", NICKNAME:bobbie ]
2018-09-09T17:21:42.958Z [[34mdebug[39m: 	getGamesForUser,  CONTEXT: "logic/index.js", NICKNAME:bobbie]
2018-09-09T17:21:42.960Z [[34mdebug[39m: 	GET:/user/:nickname/games,  CONTEXT: "router.js", NICKNAME:robbie ]
2018-09-09T17:21:42.961Z [[34mdebug[39m: 	getGamesForUser,  CONTEXT: "logic/index.js", NICKNAME:robbie]
2018-09-09T17:32:06.564Z [[34mdebug[39m: 	POST:/authenticate,  CONTEXT: "router.js",  PASSWORD:robbie, NICKNAME:robbie ]
2018-09-09T17:32:06.576Z [[34mdebug[39m: 	authenticate,  CONTEXT: "logic/index.js", NICKNAME:robbie, PASSWORD:robbie]
2018-09-09T17:32:06.658Z [[34mdebug[39m: 	on connection,  CONTEXT: "sockets.js"", SOCKETID:s0Cpn4FFaFkp4C5HAAAF]
2018-09-09T17:32:06.729Z [[34mdebug[39m: 	on authenticated]
2018-09-09T17:32:06.730Z [[34mdebug[39m: 	on authenticated,  CONTEXT: "sockets.js"", USERNAME:robbie]
2018-09-09T17:32:06.730Z [[34mdebug[39m: 	userConnected,  CONTEXT: "logic/index.js", NICKNAME:robbie]
2018-09-09T17:32:06.740Z [[34mdebug[39m: 	GET:/user/:nickname/games,  CONTEXT: "router.js", NICKNAME:robbie ]
2018-09-09T17:32:06.740Z [[34mdebug[39m: 	getGamesForUser,  CONTEXT: "logic/index.js", NICKNAME:robbie]
2018-09-09T17:32:06.783Z [[34mdebug[39m: 	GET:/user/:nickname/users,  CONTEXT: "router.js", TERM: , NICKNAME:robbie ]
2018-09-09T17:32:06.784Z [[34mdebug[39m: 	getUsersForString,  CONTEXT: "logic/index.js", TERM:]
2018-09-09T17:32:06.789Z [[34mdebug[39m: 	GET:/user/:nickname/users,  CONTEXT: "router.js", TERM: , NICKNAME:bobbie ]
2018-09-09T17:32:06.789Z [[34mdebug[39m: 	getUsersForString,  CONTEXT: "logic/index.js", TERM:]
2018-09-09T17:32:06.790Z [[34mdebug[39m: 	GET:/user/:nickname/users,  CONTEXT: "router.js", TERM: , NICKNAME:robbie ]
2018-09-09T17:32:06.791Z [[34mdebug[39m: 	getUsersForString,  CONTEXT: "logic/index.js", TERM:]
2018-09-09T17:45:19.490Z [[34mdebug[39m: 	GET:/user/:nickname/users,  CONTEXT: "router.js", TERM: a, NICKNAME:robbie ]
2018-09-09T17:45:19.495Z [[34mdebug[39m: 	getUsersForString,  CONTEXT: "logic/index.js", TERM:a]
2018-09-09T17:45:21.117Z [[34mdebug[39m: 	GET:/user/:nickname/users,  CONTEXT: "router.js", TERM: ab, NICKNAME:robbie ]
2018-09-09T17:45:21.117Z [[34mdebug[39m: 	getUsersForString,  CONTEXT: "logic/index.js", TERM:ab]
2018-09-09T17:45:23.151Z [[34mdebug[39m: 	GET:/user/:nickname/users,  CONTEXT: "router.js", TERM: abc, NICKNAME:robbie ]
2018-09-09T17:45:23.151Z [[34mdebug[39m: 	getUsersForString,  CONTEXT: "logic/index.js", TERM:abc]
2018-09-09T17:45:23.998Z [[34mdebug[39m: 	GET:/user/:nickname/users,  CONTEXT: "router.js", TERM: abcd, NICKNAME:robbie ]
2018-09-09T17:45:23.998Z [[34mdebug[39m: 	getUsersForString,  CONTEXT: "logic/index.js", TERM:abcd]
2018-09-09T17:45:24.255Z [[34mdebug[39m: 	GET:/user/:nickname/users,  CONTEXT: "router.js", TERM: abcde, NICKNAME:robbie ]
2018-09-09T17:45:24.255Z [[34mdebug[39m: 	getUsersForString,  CONTEXT: "logic/index.js", TERM:abcde]
2018-09-09T17:45:53.496Z [[34mdebug[39m: 	POST:/authenticate,  CONTEXT: "router.js",  PASSWORD:robbie, NICKNAME:robbie ]
2018-09-09T17:45:53.497Z [[34mdebug[39m: 	authenticate,  CONTEXT: "logic/index.js", NICKNAME:robbie, PASSWORD:robbie]
2018-09-09T17:45:53.542Z [[34mdebug[39m: 	on connection,  CONTEXT: "sockets.js"", SOCKETID:ELqw5Fa1Az-0MY03AAAG]
2018-09-09T17:45:53.636Z [[34mdebug[39m: 	on authenticated]
2018-09-09T17:45:53.636Z [[34mdebug[39m: 	on authenticated,  CONTEXT: "sockets.js"", USERNAME:robbie]
2018-09-09T17:45:53.636Z [[34mdebug[39m: 	userConnected,  CONTEXT: "logic/index.js", NICKNAME:robbie]
2018-09-09T17:45:53.641Z [[34mdebug[39m: 	GET:/user/:nickname/games,  CONTEXT: "router.js", NICKNAME:robbie ]
2018-09-09T17:45:53.642Z [[34mdebug[39m: 	getGamesForUser,  CONTEXT: "logic/index.js", NICKNAME:robbie]
2018-09-09T17:45:53.682Z [[34mdebug[39m: 	GET:/user/:nickname/users,  CONTEXT: "router.js", TERM: , NICKNAME:bobbie ]
2018-09-09T17:45:53.682Z [[34mdebug[39m: 	getUsersForString,  CONTEXT: "logic/index.js", TERM:]
2018-09-09T17:45:53.698Z [[34mdebug[39m: 	GET:/user/:nickname/users,  CONTEXT: "router.js", TERM: , NICKNAME:robbie ]
2018-09-09T17:45:53.698Z [[34mdebug[39m: 	getUsersForString,  CONTEXT: "logic/index.js", TERM:]
2018-09-09T17:45:53.701Z [[34mdebug[39m: 	GET:/user/:nickname/users,  CONTEXT: "router.js", TERM: , NICKNAME:robbie ]
2018-09-09T17:45:53.701Z [[34mdebug[39m: 	getUsersForString,  CONTEXT: "logic/index.js", TERM:]
2018-09-09T17:45:53.705Z [[34mdebug[39m: 	GET:/user/:nickname/users,  CONTEXT: "router.js", TERM: , NICKNAME:robbie ]
2018-09-09T17:45:53.706Z [[34mdebug[39m: 	getUsersForString,  CONTEXT: "logic/index.js", TERM:]
2018-09-09T17:46:15.592Z [[34mdebug[39m: 	on disconnect,  CONTEXT: "sockets.js"", SOCKETID:s0Cpn4FFaFkp4C5HAAAF, REASON:transport error]
2018-09-09T17:46:55.246Z [[34mdebug[39m: 	POST:/authenticate,  CONTEXT: "router.js",  PASSWORD:bobbie, NICKNAME:bobbie ]
2018-09-09T17:46:55.246Z [[34mdebug[39m: 	authenticate,  CONTEXT: "logic/index.js", NICKNAME:bobbie, PASSWORD:bobbie]
2018-09-09T17:46:55.266Z [[34mdebug[39m: 	on connection,  CONTEXT: "sockets.js"", SOCKETID:-9PymRLcPokA8qacAAAH]
2018-09-09T17:46:55.333Z [[34mdebug[39m: 	on authenticated]
2018-09-09T17:46:55.334Z [[34mdebug[39m: 	on authenticated,  CONTEXT: "sockets.js"", USERNAME:bobbie]
2018-09-09T17:46:55.334Z [[34mdebug[39m: 	userConnected,  CONTEXT: "logic/index.js", NICKNAME:bobbie]
2018-09-09T17:46:55.336Z [[34mdebug[39m: 	GET:/user/:nickname/games,  CONTEXT: "router.js", NICKNAME:bobbie ]
2018-09-09T17:46:55.336Z [[34mdebug[39m: 	getGamesForUser,  CONTEXT: "logic/index.js", NICKNAME:bobbie]
2018-09-09T17:46:55.381Z [[34mdebug[39m: 	GET:/user/:nickname/users,  CONTEXT: "router.js", TERM: , NICKNAME:robbie ]
2018-09-09T17:46:55.381Z [[34mdebug[39m: 	getUsersForString,  CONTEXT: "logic/index.js", TERM:]
2018-09-09T17:46:55.383Z [[34mdebug[39m: 	GET:/user/:nickname/users,  CONTEXT: "router.js", TERM: , NICKNAME:bobbie ]
2018-09-09T17:46:55.383Z [[34mdebug[39m: 	getUsersForString,  CONTEXT: "logic/index.js", TERM:]
2018-09-09T17:46:55.394Z [[34mdebug[39m: 	GET:/user/:nickname/users,  CONTEXT: "router.js", TERM: , NICKNAME:robbie ]
2018-09-09T17:46:55.394Z [[34mdebug[39m: 	getUsersForString,  CONTEXT: "logic/index.js", TERM:]
2018-09-09T17:46:55.413Z [[34mdebug[39m: 	GET:/user/:nickname/users,  CONTEXT: "router.js", TERM: , NICKNAME:bobbie ]
2018-09-09T17:46:55.414Z [[34mdebug[39m: 	getUsersForString,  CONTEXT: "logic/index.js", TERM:]
2018-09-09T17:47:02.854Z [[34mdebug[39m: 	POST:/user/:nickname/game/:gameID,  CONTEXT: "router.js",  NICKNAME:bobbie, OPPONENT:robbie, GAMEID: 5b954e872c706a4289dae53b, MOVE:{"from":"e2","to":"e4","promotion":"q"}]
2018-09-09T17:47:02.855Z [[34mdebug[39m: 	move,  CONTEXT: "logic/index.js", GAMEID:5b954e872c706a4289dae53b, MOVE:{"from":"e2","to":"e4","promotion":"q"}]
2018-09-09T17:47:02.914Z [[34mdebug[39m: 	announceMoveMade,  CONTEXT: "sockets.js"", MOVER:bobbie, RECEIVER:robbie]
2018-09-09T17:47:02.943Z [[34mdebug[39m: 	GET:/user/:nickname/games,  CONTEXT: "router.js", NICKNAME:robbie ]
2018-09-09T17:47:02.943Z [[34mdebug[39m: 	getGamesForUser,  CONTEXT: "logic/index.js", NICKNAME:robbie]
2018-09-09T17:47:02.951Z [[34mdebug[39m: 	GET:/user/:nickname/games,  CONTEXT: "router.js", NICKNAME:bobbie ]
2018-09-09T17:47:02.951Z [[34mdebug[39m: 	getGamesForUser,  CONTEXT: "logic/index.js", NICKNAME:bobbie]
2018-09-09T17:47:02.954Z [[34mdebug[39m: 	GET:/user/:nickname/games,  CONTEXT: "router.js", NICKNAME:robbie ]
2018-09-09T17:47:02.954Z [[34mdebug[39m: 	getGamesForUser,  CONTEXT: "logic/index.js", NICKNAME:robbie]
2018-09-09T17:47:02.962Z [[34mdebug[39m: 	GET:/user/:nickname/games,  CONTEXT: "router.js", NICKNAME:bobbie ]
2018-09-09T17:47:02.962Z [[34mdebug[39m: 	getGamesForUser,  CONTEXT: "logic/index.js", NICKNAME:bobbie]
2018-09-09T17:47:02.971Z [[34mdebug[39m: 	GET:/user/:nickname/games,  CONTEXT: "router.js", NICKNAME:bobbie ]
2018-09-09T17:47:02.971Z [[34mdebug[39m: 	getGamesForUser,  CONTEXT: "logic/index.js", NICKNAME:bobbie]
2018-09-09T17:48:00.045Z [[34mdebug[39m: 	POST:/user/:nickname/game/:gameID,  CONTEXT: "router.js",  NICKNAME:robbie, OPPONENT:bobbie, GAMEID: 5b954e872c706a4289dae53b, MOVE:{"from":"e7","to":"e5","promotion":"q"}]
2018-09-09T17:48:00.046Z [[34mdebug[39m: 	move,  CONTEXT: "logic/index.js", GAMEID:5b954e872c706a4289dae53b, MOVE:{"from":"e7","to":"e5","promotion":"q"}]
2018-09-09T17:48:00.062Z [[34mdebug[39m: 	announceMoveMade,  CONTEXT: "sockets.js"", MOVER:robbie, RECEIVER:bobbie]
2018-09-09T17:48:00.096Z [[34mdebug[39m: 	GET:/user/:nickname/games,  CONTEXT: "router.js", NICKNAME:robbie ]
2018-09-09T17:48:00.096Z [[34mdebug[39m: 	getGamesForUser,  CONTEXT: "logic/index.js", NICKNAME:robbie]
2018-09-09T17:48:00.112Z [[34mdebug[39m: 	GET:/user/:nickname/games,  CONTEXT: "router.js", NICKNAME:bobbie ]
2018-09-09T17:48:00.112Z [[34mdebug[39m: 	getGamesForUser,  CONTEXT: "logic/index.js", NICKNAME:bobbie]
2018-09-09T17:48:00.116Z [[34mdebug[39m: 	GET:/user/:nickname/games,  CONTEXT: "router.js", NICKNAME:robbie ]
2018-09-09T17:48:00.116Z [[34mdebug[39m: 	getGamesForUser,  CONTEXT: "logic/index.js", NICKNAME:robbie]
2018-09-09T17:48:00.137Z [[34mdebug[39m: 	GET:/user/:nickname/games,  CONTEXT: "router.js", NICKNAME:bobbie ]
2018-09-09T17:48:00.137Z [[34mdebug[39m: 	getGamesForUser,  CONTEXT: "logic/index.js", NICKNAME:bobbie]
2018-09-09T17:48:00.159Z [[34mdebug[39m: 	GET:/user/:nickname/games,  CONTEXT: "router.js", NICKNAME:robbie ]
2018-09-09T17:48:00.159Z [[34mdebug[39m: 	getGamesForUser,  CONTEXT: "logic/index.js", NICKNAME:robbie]
